info @storybook/react v6.5.16
info 
info => Cleaning outputDir: /var/folders/1y/ds735k_16990jpqjnqq5wts00000gn/T/chromatic--16155-sa3HcpAjV66J
info => Loading presets
info => Loading custom manager config
info => Compiling manager..
info => Loading custom manager config
vite v4.2.1 building for production...
transforming...
info => Manager built (17 s)
Use of eval in "../../node_modules/telejson/dist/esm/index.js" is strongly discouraged as it poses security risks and may cause issues with minification.
Use of eval in "../../node_modules/telejson/dist/esm/index.js" is strongly discouraged as it poses security risks and may cause issues with minification.
Use of eval in "../../node_modules/@storybook/components/dist/esm/index-681e4b07.js" is strongly discouraged as it poses security risks and may cause issues with minification.
✓ 2561 modules transformed.
rendering chunks...
computing gzip size...
../../../../../../var/folders/1y/ds735k_16990jpqjnqq5wts00000gn/T/chromatic--16155-sa3HcpAjV66J/iframe.html                                          13.83 kB
../../../../../../var/folders/1y/ds735k_16990jpqjnqq5wts00000gn/T/chromatic--16155-sa3HcpAjV66J/assets/cover-dcd88c67.png                            38.11 kB
../../../../../../var/folders/1y/ds735k_16990jpqjnqq5wts00000gn/T/chromatic--16155-sa3HcpAjV66J/assets/TokensGrid-ced4d417.css                        0.44 kB │ gzip:   0.22 kB
../../../../../../var/folders/1y/ds735k_16990jpqjnqq5wts00000gn/T/chromatic--16155-sa3HcpAjV66J/assets/es.map.constructor-d56443b5.js                 0.30 kB │ gzip:   0.25 kB │ map:     0.84 kB
../../../../../../var/folders/1y/ds735k_16990jpqjnqq5wts00000gn/T/chromatic--16155-sa3HcpAjV66J/assets/preview-da56f5b3.js                            0.38 kB │ gzip:   0.29 kB │ map:     0.63 kB
../../../../../../var/folders/1y/ds735k_16990jpqjnqq5wts00000gn/T/chromatic--16155-sa3HcpAjV66J/assets/string-49e9f0f7.js                             0.42 kB │ gzip:   0.32 kB │ map:     1.23 kB
../../../../../../var/folders/1y/ds735k_16990jpqjnqq5wts00000gn/T/chromatic--16155-sa3HcpAjV66J/assets/Box.stories-95e8014c.js                        0.46 kB │ gzip:   0.32 kB │ map:     0.10 kB
../../../../../../var/folders/1y/ds735k_16990jpqjnqq5wts00000gn/T/chromatic--16155-sa3HcpAjV66J/assets/Avatar.stories-918f815d.js                     0.47 kB │ gzip:   0.33 kB │ map:     0.11 kB
../../../../../../var/folders/1y/ds735k_16990jpqjnqq5wts00000gn/T/chromatic--16155-sa3HcpAjV66J/assets/MultiStep.stories-e21d7c2d.js                  0.53 kB │ gzip:   0.36 kB │ map:     0.11 kB
../../../../../../var/folders/1y/ds735k_16990jpqjnqq5wts00000gn/T/chromatic--16155-sa3HcpAjV66J/assets/Toast.stories-6860400a.js                      0.54 kB │ gzip:   0.38 kB │ map:     0.11 kB
../../../../../../var/folders/1y/ds735k_16990jpqjnqq5wts00000gn/T/chromatic--16155-sa3HcpAjV66J/assets/Text.stories-9c9ece79.js                       0.59 kB │ gzip:   0.38 kB │ map:     0.11 kB
../../../../../../var/folders/1y/ds735k_16990jpqjnqq5wts00000gn/T/chromatic--16155-sa3HcpAjV66J/assets/es.string.from-code-point-f6c01bcd.js          0.59 kB │ gzip:   0.44 kB │ map:     2.27 kB
../../../../../../var/folders/1y/ds735k_16990jpqjnqq5wts00000gn/T/chromatic--16155-sa3HcpAjV66J/assets/TextArea.stories-432c6c18.js                   0.62 kB │ gzip:   0.41 kB │ map:     0.11 kB
../../../../../../var/folders/1y/ds735k_16990jpqjnqq5wts00000gn/T/chromatic--16155-sa3HcpAjV66J/assets/Checkbox.stories-42800741.js                   0.63 kB │ gzip:   0.42 kB │ map:     0.11 kB
../../../../../../var/folders/1y/ds735k_16990jpqjnqq5wts00000gn/T/chromatic--16155-sa3HcpAjV66J/assets/es.regexp.flags-45049f8b.js                    0.67 kB │ gzip:   0.47 kB │ map:     2.83 kB
../../../../../../var/folders/1y/ds735k_16990jpqjnqq5wts00000gn/T/chromatic--16155-sa3HcpAjV66J/assets/TextInput.stories-44d23cff.js                  0.71 kB │ gzip:   0.45 kB │ map:     0.11 kB
../../../../../../var/folders/1y/ds735k_16990jpqjnqq5wts00000gn/T/chromatic--16155-sa3HcpAjV66J/assets/Heading.stories-bb1d89e3.js                    0.71 kB │ gzip:   0.45 kB │ map:     0.11 kB
../../../../../../var/folders/1y/ds735k_16990jpqjnqq5wts00000gn/T/chromatic--16155-sa3HcpAjV66J/assets/client-d7b90aee.js                             0.72 kB │ gzip:   0.46 kB │ map:     0.99 kB
../../../../../../var/folders/1y/ds735k_16990jpqjnqq5wts00000gn/T/chromatic--16155-sa3HcpAjV66J/assets/preview-3efcb5a4.js                            0.85 kB │ gzip:   0.53 kB │ map:     7.67 kB
../../../../../../var/folders/1y/ds735k_16990jpqjnqq5wts00000gn/T/chromatic--16155-sa3HcpAjV66J/assets/make-decorator-fb75681b.js                     0.91 kB │ gzip:   0.54 kB │ map:     3.16 kB
../../../../../../var/folders/1y/ds735k_16990jpqjnqq5wts00000gn/T/chromatic--16155-sa3HcpAjV66J/assets/TokensGrid-d6aaaca3.js                         0.94 kB │ gzip:   0.51 kB │ map:     1.65 kB
../../../../../../var/folders/1y/ds735k_16990jpqjnqq5wts00000gn/T/chromatic--16155-sa3HcpAjV66J/assets/index-6bb04d12.js                              1.01 kB │ gzip:   0.54 kB │ map:     2.73 kB
../../../../../../var/folders/1y/ds735k_16990jpqjnqq5wts00000gn/T/chromatic--16155-sa3HcpAjV66J/assets/jsx-runtime-16ad9a6a.js                        1.15 kB │ gzip:   0.71 kB │ map:     2.33 kB
../../../../../../var/folders/1y/ds735k_16990jpqjnqq5wts00000gn/T/chromatic--16155-sa3HcpAjV66J/assets/fonts.stories-44e3c537.js                      1.39 kB │ gzip:   0.79 kB │ map:     1.69 kB
../../../../../../var/folders/1y/ds735k_16990jpqjnqq5wts00000gn/T/chromatic--16155-sa3HcpAjV66J/assets/space.stories-c54691e4.js                      1.41 kB │ gzip:   0.81 kB │ map:     1.72 kB
../../../../../../var/folders/1y/ds735k_16990jpqjnqq5wts00000gn/T/chromatic--16155-sa3HcpAjV66J/assets/line-height.stories-1b8c1df1.js                1.42 kB │ gzip:   0.81 kB │ map:     1.74 kB
../../../../../../var/folders/1y/ds735k_16990jpqjnqq5wts00000gn/T/chromatic--16155-sa3HcpAjV66J/assets/border-radius.stories-3feb4782.js              1.42 kB │ gzip:   0.81 kB │ map:     1.73 kB
../../../../../../var/folders/1y/ds735k_16990jpqjnqq5wts00000gn/T/chromatic--16155-sa3HcpAjV66J/assets/font-sizes.stories-a670ae2b.js                 1.43 kB │ gzip:   0.81 kB │ map:     1.75 kB
../../../../../../var/folders/1y/ds735k_16990jpqjnqq5wts00000gn/T/chromatic--16155-sa3HcpAjV66J/assets/font-weights.stories-af4846ca.js               1.43 kB │ gzip:   0.82 kB │ map:     1.76 kB
../../../../../../var/folders/1y/ds735k_16990jpqjnqq5wts00000gn/T/chromatic--16155-sa3HcpAjV66J/assets/home.stories-88a8db27.js                       1.56 kB │ gzip:   0.92 kB │ map:     2.08 kB
../../../../../../var/folders/1y/ds735k_16990jpqjnqq5wts00000gn/T/chromatic--16155-sa3HcpAjV66J/assets/es.number.to-fixed-48e46b66.js                 1.75 kB │ gzip:   1.07 kB │ map:     8.34 kB
../../../../../../var/folders/1y/ds735k_16990jpqjnqq5wts00000gn/T/chromatic--16155-sa3HcpAjV66J/assets/preview-57a9c36f.js                            1.82 kB │ gzip:   0.72 kB │ map:     4.36 kB
../../../../../../var/folders/1y/ds735k_16990jpqjnqq5wts00000gn/T/chromatic--16155-sa3HcpAjV66J/assets/index-7ed332ec.js                              2.82 kB │ gzip:   1.37 kB │ map:     6.64 kB
../../../../../../var/folders/1y/ds735k_16990jpqjnqq5wts00000gn/T/chromatic--16155-sa3HcpAjV66J/assets/renderDocs-4eb97d21.js                         2.82 kB │ gzip:   1.35 kB │ map:     9.36 kB
../../../../../../var/folders/1y/ds735k_16990jpqjnqq5wts00000gn/T/chromatic--16155-sa3HcpAjV66J/assets/Button.stories-5deacb62.js                     3.31 kB │ gzip:   1.00 kB │ map:     6.10 kB
../../../../../../var/folders/1y/ds735k_16990jpqjnqq5wts00000gn/T/chromatic--16155-sa3HcpAjV66J/assets/Tooltip.stories-0a9b7be8.js                    3.37 kB │ gzip:   0.98 kB │ map:     6.92 kB
../../../../../../var/folders/1y/ds735k_16990jpqjnqq5wts00000gn/T/chromatic--16155-sa3HcpAjV66J/assets/preview-24ba5c26.js                            3.39 kB │ gzip:   1.53 kB │ map:    14.44 kB
../../../../../../var/folders/1y/ds735k_16990jpqjnqq5wts00000gn/T/chromatic--16155-sa3HcpAjV66J/assets/preview-34f6db19.js                            4.63 kB │ gzip:   1.79 kB │ map:    17.48 kB
../../../../../../var/folders/1y/ds735k_16990jpqjnqq5wts00000gn/T/chromatic--16155-sa3HcpAjV66J/assets/config-59d076db.js                             5.98 kB │ gzip:   2.39 kB │ map:    20.12 kB
../../../../../../var/folders/1y/ds735k_16990jpqjnqq5wts00000gn/T/chromatic--16155-sa3HcpAjV66J/assets/index-d8d25f9c.js                              7.45 kB │ gzip:   3.07 kB │ map:    15.92 kB
../../../../../../var/folders/1y/ds735k_16990jpqjnqq5wts00000gn/T/chromatic--16155-sa3HcpAjV66J/assets/preview-be45c301.js                            8.19 kB │ gzip:   1.74 kB │ map:    17.56 kB
../../../../../../var/folders/1y/ds735k_16990jpqjnqq5wts00000gn/T/chromatic--16155-sa3HcpAjV66J/assets/colors.stories-9aaf54ba.js                     9.56 kB │ gzip:   4.08 kB │ map:   147.00 kB
../../../../../../var/folders/1y/ds735k_16990jpqjnqq5wts00000gn/T/chromatic--16155-sa3HcpAjV66J/assets/preview-a3e4d046.js                            9.77 kB │ gzip:   3.45 kB │ map:    40.51 kB
../../../../../../var/folders/1y/ds735k_16990jpqjnqq5wts00000gn/T/chromatic--16155-sa3HcpAjV66J/assets/preview-210d116f.js                           10.46 kB │ gzip:   4.07 kB │ map:    44.14 kB
../../../../../../var/folders/1y/ds735k_16990jpqjnqq5wts00000gn/T/chromatic--16155-sa3HcpAjV66J/assets/GlobalScrollAreaStyles-8793ce4a-db1f5db6.js   10.63 kB │ gzip:   2.46 kB │ map:    19.61 kB
../../../../../../var/folders/1y/ds735k_16990jpqjnqq5wts00000gn/T/chromatic--16155-sa3HcpAjV66J/assets/preview-c0581fbf.js                           27.03 kB │ gzip:   8.55 kB │ map:   105.70 kB
../../../../../../var/folders/1y/ds735k_16990jpqjnqq5wts00000gn/T/chromatic--16155-sa3HcpAjV66J/assets/Color-f953d088-0f1af3ad.js                    34.68 kB │ gzip:  13.03 kB │ map:   129.96 kB
../../../../../../var/folders/1y/ds735k_16990jpqjnqq5wts00000gn/T/chromatic--16155-sa3HcpAjV66J/assets/WithTooltip-167e9982-06ccec10.js              41.19 kB │ gzip:  13.85 kB │ map:   175.99 kB
../../../../../../var/folders/1y/ds735k_16990jpqjnqq5wts00000gn/T/chromatic--16155-sa3HcpAjV66J/assets/index-0e50e090.js                             61.00 kB │ gzip:  22.30 kB │ map:   274.23 kB
../../../../../../var/folders/1y/ds735k_16990jpqjnqq5wts00000gn/T/chromatic--16155-sa3HcpAjV66J/assets/OverlayScrollbars-1355f44c-11554d15.js        64.79 kB │ gzip:  27.48 kB │ map:   434.50 kB
../../../../../../var/folders/1y/ds735k_16990jpqjnqq5wts00000gn/T/chromatic--16155-sa3HcpAjV66J/assets/index-7856b515.js                             92.17 kB │ gzip:  30.90 kB │ map:   378.25 kB
../../../../../../var/folders/1y/ds735k_16990jpqjnqq5wts00000gn/T/chromatic--16155-sa3HcpAjV66J/assets/syntaxhighlighter-b07b042a-c33b29ae.js       117.41 kB │ gzip:  48.84 kB │ map:   452.71 kB
../../../../../../var/folders/1y/ds735k_16990jpqjnqq5wts00000gn/T/chromatic--16155-sa3HcpAjV66J/assets/index-1821c9b3.js                            138.56 kB │ gzip:  45.67 kB │ map:   334.28 kB
../../../../../../var/folders/1y/ds735k_16990jpqjnqq5wts00000gn/T/chromatic--16155-sa3HcpAjV66J/assets/config-2b10d630.js                           410.12 kB │ gzip: 124.31 kB │ map: 1,450.79 kB
../../../../../../var/folders/1y/ds735k_16990jpqjnqq5wts00000gn/T/chromatic--16155-sa3HcpAjV66J/assets/Props-ca6b54b8.js                            423.06 kB │ gzip: 124.27 kB │ map:   904.88 kB
../../../../../../var/folders/1y/ds735k_16990jpqjnqq5wts00000gn/T/chromatic--16155-sa3HcpAjV66J/assets/axe-0b12a41f.js                              507.63 kB │ gzip: 136.42 kB │ map: 1,714.53 kB
../../../../../../var/folders/1y/ds735k_16990jpqjnqq5wts00000gn/T/chromatic--16155-sa3HcpAjV66J/assets/iframe-ace4b053.js                           511.63 kB │ gzip: 145.68 kB │ map: 1,464.44 kB
../../../../../../var/folders/1y/ds735k_16990jpqjnqq5wts00000gn/T/chromatic--16155-sa3HcpAjV66J/assets/formatter-0d5cb0eb-c2dc6c28.js               742.39 kB │ gzip: 239.86 kB │ map: 1,795.89 kB

(!) Some chunks are larger than 500 kBs after minification. Consider:
- Using dynamic import() to code-split the application
- Use build.rollupOptions.output.manualChunks to improve chunking: https://rollupjs.org/configuration-options/#output-manualchunks
- Adjust chunk size limit for this warning via build.chunkSizeWarningLimit.
✓ built in 31.79s
info => Output directory: /var/folders/1y/ds735k_16990jpqjnqq5wts00000gn/T/chromatic--16155-sa3HcpAjV66J
